{
  "stats": {
    "suites": 2,
    "tests": 10,
    "passes": 10,
    "pending": 0,
    "failures": 0,
    "start": "2026-04-25T20:16:05.816Z",
    "end": "2026-04-25T20:16:05.828Z",
    "duration": 12,
    "testsRegistered": 10,
    "passPercent": 100,
    "pendingPercent": 0,
    "other": 0,
    "hasOther": false,
    "skipped": 0,
    "hasSkipped": false
  },
  "results": [
    {
      "uuid": "8c0b559c-34cd-4bba-ad9a-f58b5c96fffa",
      "title": "",
      "fullFile": "C:\\projects\\AULA-06\\test\\gestaoLivros.test.js",
      "file": "\\test\\gestaoLivros.test.js",
      "beforeHooks": [],
      "afterHooks": [],
      "tests": [],
      "suites": [
        {
          "uuid": "603150be-308d-4458-86ef-d7e71df7f531",
          "title": "Testando Gestão de Livros",
          "fullFile": "C:\\projects\\AULA-06\\test\\gestaoLivros.test.js",
          "file": "\\test\\gestaoLivros.test.js",
          "beforeHooks": [],
          "afterHooks": [],
          "tests": [],
          "suites": [
            {
              "uuid": "66f67a6d-2aec-40ed-b0ac-3f29a4087b60",
              "title": "buscarTituloDoLivroPorID",
              "fullFile": "C:\\projects\\AULA-06\\test\\gestaoLivros.test.js",
              "file": "\\test\\gestaoLivros.test.js",
              "beforeHooks": [],
              "afterHooks": [],
              "tests": [
                {
                  "title": "Deve retornar o título quando o ID é válido",
                  "fullTitle": "Testando Gestão de Livros buscarTituloDoLivroPorID Deve retornar o título quando o ID é válido",
                  "timedOut": false,
                  "duration": 0,
                  "state": "passed",
                  "speed": "fast",
                  "pass": true,
                  "fail": false,
                  "pending": false,
                  "context": null,
                  "code": "// Arrange\nconst idValido = 1;\nconst tituloEsperado = 'Comer, Rezar e Amar';\n// Act\nconst resultado = buscarTituloDoLivroPorID(idValido);\n// Assert\nassert.equal(resultado, tituloEsperado);",
                  "err": {},
                  "uuid": "a1087c9a-4609-41a4-a195-899e24978272",
                  "parentUUID": "66f67a6d-2aec-40ed-b0ac-3f29a4087b60",
                  "isHook": false,
                  "skipped": false
                },
                {
                  "title": "Deve lançar erro quando o ID não é encontrado",
                  "fullTitle": "Testando Gestão de Livros buscarTituloDoLivroPorID Deve lançar erro quando o ID não é encontrado",
                  "timedOut": false,
                  "duration": 1,
                  "state": "passed",
                  "speed": "fast",
                  "pass": true,
                  "fail": false,
                  "pending": false,
                  "context": null,
                  "code": "// Arrange\nconst idNaoEncontrado = 999;\n// Assert\nassert.throws(\n    function () {\n        buscarTituloDoLivroPorID(idNaoEncontrado);\n    },\n    {\n        message: 'Livro não encontrado'\n    }\n);",
                  "err": {},
                  "uuid": "a09569f5-6d24-4eff-9b78-56fc201b65b5",
                  "parentUUID": "66f67a6d-2aec-40ed-b0ac-3f29a4087b60",
                  "isHook": false,
                  "skipped": false
                },
                {
                  "title": "Deve lançar erro quando o ID é menor que 1",
                  "fullTitle": "Testando Gestão de Livros buscarTituloDoLivroPorID Deve lançar erro quando o ID é menor que 1",
                  "timedOut": false,
                  "duration": 0,
                  "state": "passed",
                  "speed": "fast",
                  "pass": true,
                  "fail": false,
                  "pending": false,
                  "context": null,
                  "code": "// Arrange\nconst idMenorQue1 = 0;\n// Assert\nassert.throws(\n    function () {\n        buscarTituloDoLivroPorID(idMenorQue1);\n    },\n    {\n        message: 'id deve ser maior que zero'\n    }\n);",
                  "err": {},
                  "uuid": "958940c1-4975-4c9b-9c99-bbc8a851785b",
                  "parentUUID": "66f67a6d-2aec-40ed-b0ac-3f29a4087b60",
                  "isHook": false,
                  "skipped": false
                },
                {
                  "title": "Deve lançar erro quando o ID é igual a nulo (null)",
                  "fullTitle": "Testando Gestão de Livros buscarTituloDoLivroPorID Deve lançar erro quando o ID é igual a nulo (null)",
                  "timedOut": false,
                  "duration": 0,
                  "state": "passed",
                  "speed": "fast",
                  "pass": true,
                  "fail": false,
                  "pending": false,
                  "context": null,
                  "code": "// Arrange\nconst idNulo = null;\n// Assert\nassert.throws(\n    function () {\n        buscarTituloDoLivroPorID(idNulo);\n    },\n    {\n        message: 'id deve ser maior que zero'\n    }\n);",
                  "err": {},
                  "uuid": "7668729b-62a3-4de1-b8d2-e08074bea457",
                  "parentUUID": "66f67a6d-2aec-40ed-b0ac-3f29a4087b60",
                  "isHook": false,
                  "skipped": false
                },
                {
                  "title": "Deve lançar erro quando o ID não é informado (undefined)",
                  "fullTitle": "Testando Gestão de Livros buscarTituloDoLivroPorID Deve lançar erro quando o ID não é informado (undefined)",
                  "timedOut": false,
                  "duration": 1,
                  "state": "passed",
                  "speed": "fast",
                  "pass": true,
                  "fail": false,
                  "pending": false,
                  "context": null,
                  "code": "// Arrange - não passa argumentos\n// Assert\nassert.throws(\n    function () {\n        buscarTituloDoLivroPorID();\n    },\n    {\n        message: 'Livro não encontrado'\n    }\n);",
                  "err": {},
                  "uuid": "557ad98f-fcc1-46f4-8f1a-011aa1882a83",
                  "parentUUID": "66f67a6d-2aec-40ed-b0ac-3f29a4087b60",
                  "isHook": false,
                  "skipped": false
                },
                {
                  "title": "Deve lançar erro quando o ID é negativo",
                  "fullTitle": "Testando Gestão de Livros buscarTituloDoLivroPorID Deve lançar erro quando o ID é negativo",
                  "timedOut": false,
                  "duration": 0,
                  "state": "passed",
                  "speed": "fast",
                  "pass": true,
                  "fail": false,
                  "pending": false,
                  "context": null,
                  "code": "// Arrange\nconst idNegativo = -1;\n// Assert\nassert.throws(\n    function () {\n        buscarTituloDoLivroPorID(idNegativo);\n    },\n    {\n        message: 'id deve ser maior que zero'\n    }\n);",
                  "err": {},
                  "uuid": "81c8672e-d83f-490b-aa20-ddaa0a36581a",
                  "parentUUID": "66f67a6d-2aec-40ed-b0ac-3f29a4087b60",
                  "isHook": false,
                  "skipped": false
                },
                {
                  "title": "Deve retornar o título correto para ID 3 (O Hobbit)",
                  "fullTitle": "Testando Gestão de Livros buscarTituloDoLivroPorID Deve retornar o título correto para ID 3 (O Hobbit)",
                  "timedOut": false,
                  "duration": 0,
                  "state": "passed",
                  "speed": "fast",
                  "pass": true,
                  "fail": false,
                  "pending": false,
                  "context": null,
                  "code": "// Arrange\nconst idValido = 3;\nconst tituloEsperado = 'O Hobbit';\n// Act\nconst resultado = buscarTituloDoLivroPorID(idValido);\n// Assert\nassert.equal(resultado, tituloEsperado);",
                  "err": {},
                  "uuid": "8aeacc48-a2a5-4f2d-b2b2-8ec58388465a",
                  "parentUUID": "66f67a6d-2aec-40ed-b0ac-3f29a4087b60",
                  "isHook": false,
                  "skipped": false
                },
                {
                  "title": "Deve retornar o título correto para ID 5 (Orgulho e Preconceito)",
                  "fullTitle": "Testando Gestão de Livros buscarTituloDoLivroPorID Deve retornar o título correto para ID 5 (Orgulho e Preconceito)",
                  "timedOut": false,
                  "duration": 0,
                  "state": "passed",
                  "speed": "fast",
                  "pass": true,
                  "fail": false,
                  "pending": false,
                  "context": null,
                  "code": "// Arrange\nconst idValido = 5;\nconst tituloEsperado = 'Orgulho e Preconceito';\n// Act\nconst resultado = buscarTituloDoLivroPorID(idValido);\n// Assert\nassert.equal(resultado, tituloEsperado);",
                  "err": {},
                  "uuid": "85a62c90-f6f1-40cf-90b0-db670a079734",
                  "parentUUID": "66f67a6d-2aec-40ed-b0ac-3f29a4087b60",
                  "isHook": false,
                  "skipped": false
                },
                {
                  "title": "Deve retornar o título quando o ID é uma string (coerção de tipo)",
                  "fullTitle": "Testando Gestão de Livros buscarTituloDoLivroPorID Deve retornar o título quando o ID é uma string (coerção de tipo)",
                  "timedOut": false,
                  "duration": 0,
                  "state": "passed",
                  "speed": "fast",
                  "pass": true,
                  "fail": false,
                  "pending": false,
                  "context": null,
                  "code": "// Arrange\nconst idString = \"1\";\nconst tituloEsperado = 'Comer, Rezar e Amar';\n// Act\nconst resultado = buscarTituloDoLivroPorID(idString);\n// Assert\nassert.equal(resultado, tituloEsperado);",
                  "err": {},
                  "uuid": "e171a724-27c4-407f-a6ac-de1a579f3c24",
                  "parentUUID": "66f67a6d-2aec-40ed-b0ac-3f29a4087b60",
                  "isHook": false,
                  "skipped": false
                },
                {
                  "title": "Deve lançar erro quando o ID é um número muito grande",
                  "fullTitle": "Testando Gestão de Livros buscarTituloDoLivroPorID Deve lançar erro quando o ID é um número muito grande",
                  "timedOut": false,
                  "duration": 1,
                  "state": "passed",
                  "speed": "fast",
                  "pass": true,
                  "fail": false,
                  "pending": false,
                  "context": null,
                  "code": "// Arrange\nconst idMuitoGrande = 999999999;\n// Assert\nassert.throws(\n    function () {\n        buscarTituloDoLivroPorID(idMuitoGrande);\n    },\n    {\n        message: 'Livro não encontrado'\n    }\n);",
                  "err": {},
                  "uuid": "8547946e-427f-494e-9c47-52420976d18f",
                  "parentUUID": "66f67a6d-2aec-40ed-b0ac-3f29a4087b60",
                  "isHook": false,
                  "skipped": false
                }
              ],
              "suites": [],
              "passes": [
                "a1087c9a-4609-41a4-a195-899e24978272",
                "a09569f5-6d24-4eff-9b78-56fc201b65b5",
                "958940c1-4975-4c9b-9c99-bbc8a851785b",
                "7668729b-62a3-4de1-b8d2-e08074bea457",
                "557ad98f-fcc1-46f4-8f1a-011aa1882a83",
                "81c8672e-d83f-490b-aa20-ddaa0a36581a",
                "8aeacc48-a2a5-4f2d-b2b2-8ec58388465a",
                "85a62c90-f6f1-40cf-90b0-db670a079734",
                "e171a724-27c4-407f-a6ac-de1a579f3c24",
                "8547946e-427f-494e-9c47-52420976d18f"
              ],
              "failures": [],
              "pending": [],
              "skipped": [],
              "duration": 3,
              "root": false,
              "rootEmpty": false,
              "_timeout": 2000
            }
          ],
          "passes": [],
          "failures": [],
          "pending": [],
          "skipped": [],
          "duration": 0,
          "root": false,
          "rootEmpty": false,
          "_timeout": 2000
        }
      ],
      "passes": [],
      "failures": [],
      "pending": [],
      "skipped": [],
      "duration": 0,
      "root": true,
      "rootEmpty": true,
      "_timeout": 2000
    }
  ],
  "meta": {
    "mocha": {
      "version": "11.7.5"
    },
    "mochawesome": {
      "options": {
        "quiet": false,
        "reportFilename": "mochawesome",
        "saveHtml": true,
        "saveJson": true,
        "consoleReporter": "spec",
        "useInlineDiffs": false,
        "code": true
      },
      "version": "7.1.4"
    },
    "marge": {
      "options": null,
      "version": "6.3.2"
    }
  }
}